<?xml version="1.0" encoding="UTF-8"?>
<!-- Generated by org.testng.reporters.JUnitReportReporter -->
<testsuite skipped="0" hostname="L-SHC-15008508" name="com.sandbox.testplans.HomePageTestPlan" tests="7" failures="0" timestamp="24 七月 2017 06:36:24 GMT" time="0.124" errors="0">
  <testcase name="testSectionBankAndCards" time="0.015" classname="com.sandbox.testplans.HomePageTestPlan"/>
  <testcase name="testMoreAboutYourAccount" time="0.015" classname="com.sandbox.testplans.HomePageTestPlan"/>
  <testcase name="testElementGetThePaypalApp" time="0.015" classname="com.sandbox.testplans.HomePageTestPlan"/>
  <testcase name="testGreetingMsg" time="0.018" classname="com.sandbox.testplans.HomePageTestPlan"/>
  <testcase name="testElementDisplayPayOrSendMoney" time="0.022" classname="com.sandbox.testplans.HomePageTestPlan"/>
  <testcase name="testElementTakeMoreTimeToPay" time="0.025" classname="com.sandbox.testplans.HomePageTestPlan"/>
  <testcase name="testSellingTools" time="0.014" classname="com.sandbox.testplans.HomePageTestPlan"/>
</testsuite> <!-- com.sandbox.testplans.HomePageTestPlan -->
