<?xml version="1.0" encoding="UTF-8"?>
<!-- Generated by org.testng.reporters.JUnitReportReporter -->
<testsuite skipped="1" hostname="L-SHC-15008508" name="com.sandbox.testplans.TransferMoneyTestPlan" tests="2" failures="0" timestamp="24 七月 2017 06:36:24 GMT" time="0.015" errors="1">
  <testcase name="testActivateNextBtn" time="0.000" classname="com.sandbox.testplans.TransferMoneyTestPlan">
    <skipped/>
  </testcase> <!-- testActivateNextBtn -->
  <testcase name="testInputBox" time="0.015" classname="com.sandbox.testplans.TransferMoneyTestPlan">
    <error type="java.lang.NullPointerException">
      <![CDATA[java.lang.NullPointerException
	at com.sandbox.testplans.TransferMoneyTestPlan.testInputBox(TransferMoneyTestPlan.java:25)
	at sun.reflect.NativeMethodAccessorImpl.invoke0(Native Method)
	at sun.reflect.NativeMethodAccessorImpl.invoke(NativeMethodAccessorImpl.java:62)
	at sun.reflect.DelegatingMethodAccessorImpl.invoke(DelegatingMethodAccessorImpl.java:43)
	at java.lang.reflect.Method.invoke(Method.java:498)
	at org.testng.internal.MethodInvocationHelper.invokeMethod(MethodInvocationHelper.java:108)
	at org.testng.internal.Invoker.invokeMethod(Invoker.java:661)
	at org.testng.internal.Invoker.invokeTestMethod(Invoker.java:869)
	at org.testng.internal.Invoker.invokeTestMethods(Invoker.java:1193)
	at org.testng.internal.TestMethodWorker.invokeTestMethods(TestMethodWorker.java:126)
	at org.testng.internal.TestMethodWorker.run(TestMethodWorker.java:109)
	at java.util.concurrent.ThreadPoolExecutor.runWorker(ThreadPoolExecutor.java:1142)
	at java.util.concurrent.ThreadPoolExecutor$Worker.run(ThreadPoolExecutor.java:617)
	at java.lang.Thread.run(Thread.java:745)
]]>
    </error>
  </testcase> <!-- testInputBox -->
</testsuite> <!-- com.sandbox.testplans.TransferMoneyTestPlan -->
