<?xml version="1.0" encoding="UTF-8"?>
<!-- Generated by org.testng.reporters.JUnitReportReporter -->
<testsuite skipped="0" hostname="L-SHC-15008508" name="com.sandbox.testplans.PayPalBalanceTestPlan" tests="4" failures="0" timestamp="24 七月 2017 06:36:24 GMT" time="0.016" errors="0">
  <testcase name="testAccesstoPaypalBalanceFromHomePage" time="0.015" classname="com.sandbox.testplans.PayPalBalanceTestPlan"/>
  <testcase name="testLnkDisplayAddMoney" time="0.001" classname="com.sandbox.testplans.PayPalBalanceTestPlan"/>
  <testcase name="testLnkDisplayWithdrawMoney" time="0.000" classname="com.sandbox.testplans.PayPalBalanceTestPlan"/>
  <testcase name="testLnkDisplayManageCurrencies" time="0.000" classname="com.sandbox.testplans.PayPalBalanceTestPlan"/>
</testsuite> <!-- com.sandbox.testplans.PayPalBalanceTestPlan -->
